kotlin version: 2.0.0
error message: org.jetbrains.kotlin.backend.common.BackendException: Backend Internal error: Exception during IR lowering
File being compiled: /home/ckarasoulas/AndroidStudioProjects/Stylish/login/presentation/src/main/java/com/example/login/presentation/LoginRoot.kt
The root cause java.lang.RuntimeException was thrown at: org.jetbrains.kotlin.backend.jvm.codegen.FunctionCodegen.generate(FunctionCodegen.kt:50)
	at org.jetbrains.kotlin.backend.common.CodegenUtil.reportBackendException(CodegenUtil.kt:253)
	at org.jetbrains.kotlin.backend.common.CodegenUtil.reportBackendException$default(CodegenUtil.kt:236)
	at org.jetbrains.kotlin.backend.common.phaser.PerformByIrFilePhase.invokeSequential(performByIrFile.kt:65)
	at org.jetbrains.kotlin.backend.common.phaser.PerformByIrFilePhase.invoke(performByIrFile.kt:52)
	at org.jetbrains.kotlin.backend.common.phaser.PerformByIrFilePhase.invoke(performByIrFile.kt:38)
	at org.jetbrains.kotlin.backend.common.phaser.NamedCompilerPhase.phaseBody(CompilerPhase.kt:166)
	at org.jetbrains.kotlin.backend.common.phaser.AbstractNamedCompilerPhase.invoke(CompilerPhase.kt:113)
	at org.jetbrains.kotlin.backend.common.phaser.CompositePhase.invoke(PhaseBuilders.kt:29)
	at org.jetbrains.kotlin.backend.common.phaser.CompositePhase.invoke(PhaseBuilders.kt:16)
	at org.jetbrains.kotlin.backend.common.phaser.NamedCompilerPhase.phaseBody(CompilerPhase.kt:166)
	at org.jetbrains.kotlin.backend.common.phaser.AbstractNamedCompilerPhase.invoke(CompilerPhase.kt:113)
	at org.jetbrains.kotlin.backend.common.phaser.CompilerPhaseKt.invokeToplevel(CompilerPhase.kt:62)
	at org.jetbrains.kotlin.backend.jvm.JvmIrCodegenFactory.invokeCodegen(JvmIrCodegenFactory.kt:371)
	at org.jetbrains.kotlin.codegen.CodegenFactory.generateModule(CodegenFactory.kt:47)
	at org.jetbrains.kotlin.backend.jvm.JvmIrCodegenFactory.generateModuleInFrontendIRMode(JvmIrCodegenFactory.kt:433)
	at org.jetbrains.kotlin.cli.jvm.compiler.pipeline.JvmCompilerPipelineKt.generateCodeFromIr(jvmCompilerPipeline.kt:241)
	at org.jetbrains.kotlin.cli.jvm.compiler.pipeline.JvmCompilerPipelineKt.compileModulesUsingFrontendIrAndLightTree(jvmCompilerPipeline.kt:140)
	at org.jetbrains.kotlin.cli.jvm.K2JVMCompiler.doExecute(K2JVMCompiler.kt:155)
	at org.jetbrains.kotlin.cli.jvm.K2JVMCompiler.doExecute(K2JVMCompiler.kt:50)
	at org.jetbrains.kotlin.cli.common.CLICompiler.execImpl(CLICompiler.kt:104)
	at org.jetbrains.kotlin.cli.common.CLICompiler.execImpl(CLICompiler.kt:48)
	at org.jetbrains.kotlin.cli.common.CLITool.exec(CLITool.kt:101)
	at org.jetbrains.kotlin.incremental.IncrementalJvmCompilerRunner.runCompiler(IncrementalJvmCompilerRunner.kt:453)
	at org.jetbrains.kotlin.incremental.IncrementalJvmCompilerRunner.runCompiler(IncrementalJvmCompilerRunner.kt:62)
	at org.jetbrains.kotlin.incremental.IncrementalCompilerRunner.doCompile(IncrementalCompilerRunner.kt:506)
	at org.jetbrains.kotlin.incremental.IncrementalCompilerRunner.compileImpl(IncrementalCompilerRunner.kt:423)
	at org.jetbrains.kotlin.incremental.IncrementalCompilerRunner.compileNonIncrementally(IncrementalCompilerRunner.kt:301)
	at org.jetbrains.kotlin.incremental.IncrementalCompilerRunner.compile(IncrementalCompilerRunner.kt:129)
	at org.jetbrains.kotlin.daemon.CompileServiceImplBase.execIncrementalCompiler(CompileServiceImpl.kt:676)
	at org.jetbrains.kotlin.daemon.CompileServiceImplBase.access$execIncrementalCompiler(CompileServiceImpl.kt:92)
	at org.jetbrains.kotlin.daemon.CompileServiceImpl.compile(CompileServiceImpl.kt:1661)
	at java.base/jdk.internal.reflect.NativeMethodAccessorImpl.invoke0(Native Method)
	at java.base/jdk.internal.reflect.NativeMethodAccessorImpl.invoke(NativeMethodAccessorImpl.java:77)
	at java.base/jdk.internal.reflect.DelegatingMethodAccessorImpl.invoke(DelegatingMethodAccessorImpl.java:43)
	at java.base/java.lang.reflect.Method.invoke(Method.java:568)
	at java.rmi/sun.rmi.server.UnicastServerRef.dispatch(UnicastServerRef.java:360)
	at java.rmi/sun.rmi.transport.Transport$1.run(Transport.java:200)
	at java.rmi/sun.rmi.transport.Transport$1.run(Transport.java:197)
	at java.base/java.security.AccessController.doPrivileged(AccessController.java:712)
	at java.rmi/sun.rmi.transport.Transport.serviceCall(Transport.java:196)
	at java.rmi/sun.rmi.transport.tcp.TCPTransport.handleMessages(TCPTransport.java:587)
	at java.rmi/sun.rmi.transport.tcp.TCPTransport$ConnectionHandler.run0(TCPTransport.java:828)
	at java.rmi/sun.rmi.transport.tcp.TCPTransport$ConnectionHandler.lambda$run$0(TCPTransport.java:705)
	at java.base/java.security.AccessController.doPrivileged(AccessController.java:399)
	at java.rmi/sun.rmi.transport.tcp.TCPTransport$ConnectionHandler.run(TCPTransport.java:704)
	at java.base/java.util.concurrent.ThreadPoolExecutor.runWorker(ThreadPoolExecutor.java:1136)
	at java.base/java.util.concurrent.ThreadPoolExecutor$Worker.run(ThreadPoolExecutor.java:635)
	at java.base/java.lang.Thread.run(Thread.java:840)
Caused by: java.lang.RuntimeException: Exception while generating code for:
FUN name:LoginRoot visibility:public modality:FINAL <> (onSuccessfulLogin:kotlin.Function0<kotlin.Unit>, viewModel:com.example.login.presentation.LoginViewModel) returnType:kotlin.Unit
  annotations:
    Composable
  VALUE_PARAMETER name:onSuccessfulLogin index:0 type:kotlin.Function0<kotlin.Unit>
  VALUE_PARAMETER name:viewModel index:1 type:com.example.login.presentation.LoginViewModel
    EXPRESSION_BODY
      ERROR_EXPR 'Default Stub' type=com.example.login.presentation.LoginViewModel
  BLOCK_BODY
    VAR PROPERTY_DELEGATE name:username$delegate type:androidx.compose.runtime.State<kotlin.String> [val]
      TYPE_OP type=androidx.compose.runtime.State<kotlin.String> origin=IMPLICIT_CAST typeOperand=androidx.compose.runtime.State<kotlin.String>
        CALL 'public final fun collectAsStateWithLifecycle$default <T> (lifecycleOwner: androidx.lifecycle.LifecycleOwner?, minActiveState: androidx.lifecycle.Lifecycle.State?, context: kotlin.coroutines.CoroutineContext?, $mask0: kotlin.Int, $handler: kotlin.Any?): androidx.compose.runtime.State<T of androidx.lifecycle.compose.FlowExtKt.collectAsStateWithLifecycle$default> declared in androidx.lifecycle.compose.FlowExtKt' type=androidx.compose.runtime.State<T of androidx.lifecycle.compose.FlowExtKt.collectAsStateWithLifecycle$default> origin=DEFAULT_DISPATCH_CALL
          <T>: kotlin.String
          $receiver: CALL 'public final fun <get-username> (): kotlinx.coroutines.flow.StateFlow<kotlin.String> declared in com.example.login.presentation.LoginViewModel' type=kotlinx.coroutines.flow.StateFlow<kotlin.String> origin=GET_PROPERTY
            $this: GET_VAR 'viewModel: com.example.login.presentation.LoginViewModel declared in com.example.login.presentation.LoginRootKt.LoginRoot' type=com.example.login.presentation.LoginViewModel origin=null
          lifecycleOwner: COMPOSITE type=androidx.lifecycle.LifecycleOwner? origin=DEFAULT_VALUE
            CONST Null type=androidx.lifecycle.LifecycleOwner? value=null
          minActiveState: COMPOSITE type=androidx.lifecycle.Lifecycle.State? origin=DEFAULT_VALUE
            CONST Null type=androidx.lifecycle.Lifecycle.State? value=null
          context: COMPOSITE type=kotlin.coroutines.CoroutineContext? origin=DEFAULT_VALUE
            CONST Null type=kotlin.coroutines.CoroutineContext? value=null
          $mask0: CONST Int type=kotlin.Int value=7
          $handler: CONST Null type=kotlin.Any? value=null
    VAR PROPERTY_DELEGATE name:password$delegate type:androidx.compose.runtime.State<kotlin.String> [val]
      TYPE_OP type=androidx.compose.runtime.State<kotlin.String> origin=IMPLICIT_CAST typeOperand=androidx.compose.runtime.State<kotlin.String>
        CALL 'public final fun collectAsStateWithLifecycle$default <T> (lifecycleOwner: androidx.lifecycle.LifecycleOwner?, minActiveState: androidx.lifecycle.Lifecycle.State?, context: kotlin.coroutines.CoroutineContext?, $mask0: kotlin.Int, $handler: kotlin.Any?): androidx.compose.runtime.State<T of androidx.lifecycle.compose.FlowExtKt.collectAsStateWithLifecycle$default> declared in androidx.lifecycle.compose.FlowExtKt' type=androidx.compose.runtime.State<T of androidx.lifecycle.compose.FlowExtKt.collectAsStateWithLifecycle$default> origin=DEFAULT_DISPATCH_CALL
          <T>: kotlin.String
          $receiver: CALL 'public final fun <get-password> (): kotlinx.coroutines.flow.StateFlow<kotlin.String> declared in com.example.login.presentation.LoginViewModel' type=kotlinx.coroutines.flow.StateFlow<kotlin.String> origin=GET_PROPERTY
            $this: GET_VAR 'viewModel: com.example.login.presentation.LoginViewModel declared in com.example.login.presentation.LoginRootKt.LoginRoot' type=com.example.login.presentation.LoginViewModel origin=null
          lifecycleOwner: COMPOSITE type=androidx.lifecycle.LifecycleOwner? origin=DEFAULT_VALUE
            CONST Null type=androidx.lifecycle.LifecycleOwner? value=null
          minActiveState: COMPOSITE type=androidx.lifecycle.Lifecycle.State? origin=DEFAULT_VALUE
            CONST Null type=androidx.lifecycle.Lifecycle.State? value=null
          context: COMPOSITE type=kotlin.coroutines.CoroutineContext? origin=DEFAULT_VALUE
            CONST Null type=kotlin.coroutines.CoroutineContext? value=null
          $mask0: CONST Int type=kotlin.Int value=7
          $handler: CONST Null type=kotlin.Any? value=null
    VAR PROPERTY_DELEGATE name:enabled$delegate type:androidx.compose.runtime.State<kotlin.Boolean> [val]
      TYPE_OP type=androidx.compose.runtime.State<kotlin.Boolean> origin=IMPLICIT_CAST typeOperand=androidx.compose.runtime.State<kotlin.Boolean>
        CALL 'public final fun collectAsStateWithLifecycle$default <T> (lifecycleOwner: androidx.lifecycle.LifecycleOwner?, minActiveState: androidx.lifecycle.Lifecycle.State?, context: kotlin.coroutines.CoroutineContext?, $mask0: kotlin.Int, $handler: kotlin.Any?): androidx.compose.runtime.State<T of androidx.lifecycle.compose.FlowExtKt.collectAsStateWithLifecycle$default> declared in androidx.lifecycle.compose.FlowExtKt' type=androidx.compose.runtime.State<T of androidx.lifecycle.compose.FlowExtKt.collectAsStateWithLifecycle$default> origin=DEFAULT_DISPATCH_CALL
          <T>: kotlin.Boolean
          $receiver: CALL 'public final fun <get-enabled> (): kotlinx.coroutines.flow.StateFlow<kotlin.Boolean> declared in com.example.login.presentation.LoginViewModel' type=kotlinx.coroutines.flow.StateFlow<kotlin.Boolean> origin=GET_PROPERTY
            $this: GET_VAR 'viewModel: com.example.login.presentation.LoginViewModel declared in com.example.login.presentation.LoginRootKt.LoginRoot' type=com.example.login.presentation.LoginViewModel origin=null
          lifecycleOwner: COMPOSITE type=androidx.lifecycle.LifecycleOwner? origin=DEFAULT_VALUE
            CONST Null type=androidx.lifecycle.LifecycleOwner? value=null
          minActiveState: COMPOSITE type=androidx.lifecycle.Lifecycle.State? origin=DEFAULT_VALUE
            CONST Null type=androidx.lifecycle.Lifecycle.State? value=null
          context: COMPOSITE type=kotlin.coroutines.CoroutineContext? origin=DEFAULT_VALUE
            CONST Null type=kotlin.coroutines.CoroutineContext? value=null
          $mask0: CONST Int type=kotlin.Int value=7
          $handler: CONST Null type=kotlin.Any? value=null
    VAR PROPERTY_DELEGATE name:isRunning$delegate type:androidx.compose.runtime.State<kotlin.Boolean> [val]
      TYPE_OP type=androidx.compose.runtime.State<kotlin.Boolean> origin=IMPLICIT_CAST typeOperand=androidx.compose.runtime.State<kotlin.Boolean>
        CALL 'public final fun collectAsStateWithLifecycle$default <T> (lifecycleOwner: androidx.lifecycle.LifecycleOwner?, minActiveState: androidx.lifecycle.Lifecycle.State?, context: kotlin.coroutines.CoroutineContext?, $mask0: kotlin.Int, $handler: kotlin.Any?): androidx.compose.runtime.State<T of androidx.lifecycle.compose.FlowExtKt.collectAsStateWithLifecycle$default> declared in androidx.lifecycle.compose.FlowExtKt' type=androidx.compose.runtime.State<T of androidx.lifecycle.compose.FlowExtKt.collectAsStateWithLifecycle$default> origin=DEFAULT_DISPATCH_CALL
          <T>: kotlin.Boolean
          $receiver: CALL 'public final fun <get-isRunning> (): kotlinx.coroutines.flow.StateFlow<kotlin.Boolean> declared in com.example.login.presentation.LoginViewModel' type=kotlinx.coroutines.flow.StateFlow<kotlin.Boolean> origin=GET_PROPERTY
            $this: GET_VAR 'viewModel: com.example.login.presentation.LoginViewModel declared in com.example.login.presentation.LoginRootKt.LoginRoot' type=com.example.login.presentation.LoginViewModel origin=null
          lifecycleOwner: COMPOSITE type=androidx.lifecycle.LifecycleOwner? origin=DEFAULT_VALUE
            CONST Null type=androidx.lifecycle.LifecycleOwner? value=null
          minActiveState: COMPOSITE type=androidx.lifecycle.Lifecycle.State? origin=DEFAULT_VALUE
            CONST Null type=androidx.lifecycle.Lifecycle.State? value=null
          context: COMPOSITE type=kotlin.coroutines.CoroutineContext? origin=DEFAULT_VALUE
            CONST Null type=kotlin.coroutines.CoroutineContext? value=null
          $mask0: CONST Int type=kotlin.Int value=7
          $handler: CONST Null type=kotlin.Any? value=null
    VAR name:context type:android.content.Context [val]
      CALL 'public final fun <get-current> (): T of androidx.compose.runtime.CompositionLocal [inline] declared in androidx.compose.runtime.CompositionLocal' type=android.content.Context origin=GET_PROPERTY
        $this: TYPE_OP type=androidx.compose.runtime.CompositionLocal<T of androidx.compose.runtime.CompositionLocal> origin=IMPLICIT_CAST typeOperand=androidx.compose.runtime.CompositionLocal<T of androidx.compose.runtime.CompositionLocal>
          CALL 'public final fun <get-LocalContext> (): androidx.compose.runtime.ProvidableCompositionLocal<android.content.Context> declared in androidx.compose.ui.platform.AndroidCompositionLocals_androidKt' type=androidx.compose.runtime.ProvidableCompositionLocal<android.content.Context> origin=GET_PROPERTY
    BLOCK type=kotlin.Unit origin=ARGUMENTS_REORDERING_FOR_CALL
      VAR IR_TEMPORARY_VARIABLE name:tmp0_username type:kotlin.String [val]
        CALL 'private final fun LoginRoot$lambda$0 ($username$delegate: androidx.compose.runtime.State<kotlin.String>): kotlin.String declared in com.example.login.presentation.LoginRootKt' type=kotlin.String origin=GET_LOCAL_PROPERTY
          $username$delegate: GET_VAR 'val username$delegate: androidx.compose.runtime.State<kotlin.String> [val] declared in com.example.login.presentation.LoginRootKt.LoginRoot' type=androidx.compose.runtime.State<kotlin.String> origin=null
      VAR IR_TEMPORARY_VARIABLE name:tmp1_onUsernameChanged type:kotlin.reflect.KFunction1<kotlin.String, kotlin.Unit> [val]
        BLOCK type=com.example.login.presentation.LoginRootKt.LoginRoot.<no name provided> origin=null
          CLASS FUNCTION_REFERENCE_IMPL CLASS name:<no name provided> modality:FINAL visibility:public/*package*/ superTypes:[kotlin.jvm.internal.FunctionReferenceImpl; kotlin.Function1<kotlin.String, kotlin.Unit>]
            $this: VALUE_PARAMETER INSTANCE_RECEIVER name:<this> type:com.example.login.presentation.LoginRootKt.LoginRoot.<no name provided>
            CONSTRUCTOR GENERATED_MEMBER_IN_CALLABLE_REFERENCE visibility:public/*package*/ <> (receiver:kotlin.Any?) returnType:com.example.login.presentation.LoginRootKt.LoginRoot.<no name provided> [primary]
              VALUE_PARAMETER name:receiver index:0 type:kotlin.Any?
              BLOCK_BODY
                DELEGATING_CONSTRUCTOR_CALL 'public constructor <init> (arity: kotlin.Int, receiver: kotlin.Any?, owner: java.lang.Class<*>, name: kotlin.String, signature: kotlin.String, flags: kotlin.Int) declared in kotlin.jvm.internal.FunctionReferenceImpl'
                  arity: CONST Int type=kotlin.Int value=1
                  receiver: GET_VAR 'receiver: kotlin.Any? declared in com.example.login.presentation.LoginRootKt.LoginRoot.<no name provided>.<init>' type=kotlin.Any? origin=null
                  owner: CALL 'public final fun <get-java> (): java.lang.Class<*> declared in kotlin.jvm.JvmClassMappingKt' type=java.lang.Class<*> origin=GET_PROPERTY
                    $receiver: CLASS_REFERENCE 'CLASS IR_EXTERNAL_DECLARATION_STUB INTERFACE name:KClass modality:ABSTRACT visibility:public superTypes:[kotlin.reflect.KDeclarationContainer; kotlin.reflect.KAnnotatedElement; kotlin.reflect.KClassifier]' type=kotlin.reflect.KClass<*>
                  name: CONST String type=kotlin.String value="onUsernameChanged"
                  signature: CALL 'public final fun <signature-string> (v: kotlin.Any?): kotlin.String declared in kotlin.jvm.internal' type=kotlin.String origin=null
                    v: FUNCTION_REFERENCE 'public final fun onUsernameChanged (username: kotlin.String): kotlin.Unit declared in com.example.login.presentation.LoginViewModel' type=kotlin.reflect.KFunction1<kotlin.String, kotlin.Unit> origin=null reflectionTarget=<same>
                  flags: CONST Int type=kotlin.Int value=0
                BLOCK type=kotlin.Unit origin=null
            FUN name:invoke visibility:public modality:FINAL <> ($this:com.example.login.presentation.LoginRootKt.LoginRoot.<no name provided>, p0:kotlin.String) returnType:kotlin.Unit
              overridden:
                public abstract fun invoke (p1: P1 of kotlin.Function1): R of kotlin.Function1 [operator] declared in kotlin.Function1
              $this: VALUE_PARAMETER INSTANCE_RECEIVER name:<this> type:com.example.login.presentation.LoginRootKt.LoginRoot.<no name provided>
              VALUE_PARAMETER name:p0 index:0 type:kotlin.String
              EXPRESSION_BODY
                CALL 'public final fun onUsernameChanged (username: kotlin.String): kotlin.Unit declared in com.example.login.presentation.LoginViewModel' type=kotlin.Unit origin=null
                  $this: TYPE_OP type=com.example.login.presentation.LoginViewModel origin=IMPLICIT_CAST typeOperand=com.example.login.presentation.LoginViewModel
                    GET_FIELD 'FIELD name:receiver type:kotlin.Any? visibility:protected' type=kotlin.Any? origin=null
                      receiver: GET_VAR '<this>: com.example.login.presentation.LoginRootKt.LoginRoot.<no name provided> declared in com.example.login.presentation.LoginRootKt.LoginRoot.<no name provided>.invoke' type=com.example.login.presentation.LoginRootKt.LoginRoot.<no name provided> origin=null
                  username: GET_VAR 'p0: kotlin.String declared in com.example.login.presentation.LoginRootKt.LoginRoot.<no name provided>.invoke' type=kotlin.String origin=null
            FUN BRIDGE name:invoke visibility:public modality:OPEN <> ($this:com.example.login.presentation.LoginRootKt.LoginRoot.<no name provided>, p1:kotlin.Any?) returnType:kotlin.Any?
              $this: VALUE_PARAMETER INSTANCE_RECEIVER name:<this> type:com.example.login.presentation.LoginRootKt.LoginRoot.<no name provided>
              VALUE_PARAMETER BRIDGE name:p1 index:0 type:kotlin.Any?
              EXPRESSION_BODY
                RETURN type=kotlin.Nothing from='public open fun invoke (p1: kotlin.Any?): kotlin.Any? declared in com.example.login.presentation.LoginRootKt.LoginRoot.<no name provided>'
                  CALL 'public final fun invoke (p0: kotlin.String): kotlin.Unit declared in com.example.login.presentation.LoginRootKt.LoginRoot.<no name provided>' type=kotlin.Unit origin=BRIDGE_DELEGATION
                    $this: GET_VAR '<this>: com.example.login.presentation.LoginRootKt.LoginRoot.<no name provided> declared in com.example.login.presentation.LoginRootKt.LoginRoot.<no name provided>.invoke' type=com.example.login.presentation.LoginRootKt.LoginRoot.<no name provided> origin=null
                    p0: TYPE_OP type=kotlin.String origin=IMPLICIT_CAST typeOperand=kotlin.String
                      GET_VAR 'p1: kotlin.Any? declared in com.example.login.presentation.LoginRootKt.LoginRoot.<no name provided>.invoke' type=kotlin.Any? origin=null
          CONSTRUCTOR_CALL 'public/*package*/ constructor <init> (receiver: kotlin.Any?) [primary] declared in com.example.login.presentation.LoginRootKt.LoginRoot.<no name provided>' type=com.example.login.presentation.LoginRootKt.LoginRoot.<no name provided> origin=null
            receiver: GET_VAR 'viewModel: com.example.login.presentation.LoginViewModel declared in com.example.login.presentation.LoginRootKt.LoginRoot' type=com.example.login.presentation.LoginViewModel origin=null
      VAR IR_TEMPORARY_VARIABLE name:tmp2_onPasswordChanged type:kotlin.reflect.KFunction1<kotlin.String, kotlin.Unit> [val]
        BLOCK type=com.example.login.presentation.LoginRootKt.LoginRoot.<no name provided> origin=null
          CLASS FUNCTION_REFERENCE_IMPL CLASS name:<no name provided> modality:FINAL visibility:public/*package*/ superTypes:[kotlin.jvm.internal.FunctionReferenceImpl; kotlin.Function1<kotlin.String, kotlin.Unit>]
            $this: VALUE_PARAMETER INSTANCE_RECEIVER name:<this> type:com.example.login.presentation.LoginRootKt.LoginRoot.<no name provided>
            CONSTRUCTOR GENERATED_MEMBER_IN_CALLABLE_REFERENCE visibility:public/*package*/ <> (receiver:kotlin.Any?) returnType:com.example.login.presentation.LoginRootKt.LoginRoot.<no name provided> [primary]
              VALUE_PARAMETER name:receiver index:0 type:kotlin.Any?
              BLOCK_BODY
                DELEGATING_CONSTRUCTOR_CALL 'public constructor <init> (arity: kotlin.Int, receiver: kotlin.Any?, owner: java.lang.Class<*>, name: kotlin.String, signature: kotlin.String, flags: kotlin.Int) declared in kotlin.jvm.internal.FunctionReferenceImpl'
                  arity: CONST Int type=kotlin.Int value=1
                  receiver: GET_VAR 'receiver: kotlin.Any? declared in com.example.login.presentation.LoginRootKt.LoginRoot.<no name provided>.<init>' type=kotlin.Any? origin=null
                  owner: CALL 'public final fun <get-java> (): java.lang.Class<*> declared in kotlin.jvm.JvmClassMappingKt' type=java.lang.Class<*> origin=GET_PROPERTY
                    $receiver: CLASS_REFERENCE 'CLASS IR_EXTERNAL_DECLARATION_STUB INTERFACE name:KClass modality:ABSTRACT visibility:public superTypes:[kotlin.reflect.KDeclarationContainer; kotlin.reflect.KAnnotatedElement; kotlin.reflect.KClassifier]' type=kotlin.reflect.KClass<*>
                  name: CONST String type=kotlin.String value="onPasswordChanged"
                  signature: CALL 'public final fun <signature-string> (v: kotlin.Any?): kotlin.String declared in kotlin.jvm.internal' type=kotlin.String origin=null
                    v: FUNCTION_REFERENCE 'public final fun onPasswordChanged (password: kotlin.String): kotlin.Unit declared in com.example.login.presentation.LoginViewModel' type=kotlin.reflect.KFunction1<kotlin.String, kotlin.Unit> origin=null reflectionTarget=<same>
                  flags: CONST Int type=kotlin.Int value=0
                BLOCK type=kotlin.Unit origin=null
            FUN name:invoke visibility:public modality:FINAL <> ($this:com.example.login.presentation.LoginRootKt.LoginRoot.<no name provided>, p0:kotlin.String) returnType:kotlin.Unit
              overridden:
                public abstract fun invoke (p1: P1 of kotlin.Function1): R of kotlin.Function1 [operator] declared in kotlin.Function1
              $this: VALUE_PARAMETER INSTANCE_RECEIVER name:<this> type:com.example.login.presentation.LoginRootKt.LoginRoot.<no name provided>
              VALUE_PARAMETER name:p0 index:0 type:kotlin.String
              EXPRESSION_BODY
                CALL 'public final fun onPasswordChanged (password: kotlin.String): kotlin.Unit declared in com.example.login.presentation.LoginViewModel' type=kotlin.Unit origin=null
                  $this: TYPE_OP type=com.example.login.presentation.LoginViewModel origin=IMPLICIT_CAST typeOperand=com.example.login.presentation.LoginViewModel
                    GET_FIELD 'FIELD name:receiver type:kotlin.Any? visibility:protected' type=kotlin.Any? origin=null
                      receiver: GET_VAR '<this>: com.example.login.presentation.LoginRootKt.LoginRoot.<no name provided> declared in com.example.login.presentation.LoginRootKt.LoginRoot.<no name provided>.invoke' type=com.example.login.presentation.LoginRootKt.LoginRoot.<no name provided> origin=null
                  password: GET_VAR 'p0: kotlin.String declared in com.example.login.presentation.LoginRootKt.LoginRoot.<no name provided>.invoke' type=kotlin.String origin=null
            FUN BRIDGE name:invoke visibility:public modality:OPEN <> ($this:com.example.login.presentation.LoginRootKt.LoginRoot.<no name provided>, p1:kotlin.Any?) returnType:kotlin.Any?
              $this: VALUE_PARAMETER INSTANCE_RECEIVER name:<this> type:com.example.login.presentation.LoginRootKt.LoginRoot.<no name provided>
              VALUE_PARAMETER BRIDGE name:p1 index:0 type:kotlin.Any?
              EXPRESSION_BODY
                RETURN type=kotlin.Nothing from='public open fun invoke (p1: kotlin.Any?): kotlin.Any? declared in com.example.login.presentation.LoginRootKt.LoginRoot.<no name provided>'
                  CALL 'public final fun invoke (p0: kotlin.String): kotlin.Unit declared in com.example.login.presentation.LoginRootKt.LoginRoot.<no name provided>' type=kotlin.Unit origin=BRIDGE_DELEGATION
                    $this: GET_VAR '<this>: com.example.login.presentation.LoginRootKt.LoginRoot.<no name provided> declared in com.example.login.presentation.LoginRootKt.LoginRoot.<no name provided>.invoke' type=com.example.login.presentation.LoginRootKt.LoginRoot.<no name provided> origin=null
                    p0: TYPE_OP type=kotlin.String origin=IMPLICIT_CAST typeOperand=kotlin.String
                      GET_VAR 'p1: kotlin.Any? declared in com.example.login.presentation.LoginRootKt.LoginRoot.<no name provided>.invoke' type=kotlin.Any? origin=null
          CONSTRUCTOR_CALL 'public/*package*/ constructor <init> (receiver: kotlin.Any?) [primary] declared in com.example.login.presentation.LoginRootKt.LoginRoot.<no name provided>' type=com.example.login.presentation.LoginRootKt.LoginRoot.<no name provided> origin=null
            receiver: GET_VAR 'viewModel: com.example.login.presentation.LoginViewModel declared in com.example.login.presentation.LoginRootKt.LoginRoot' type=com.example.login.presentation.LoginViewModel origin=null
      VAR IR_TEMPORARY_VARIABLE name:tmp3_password type:kotlin.String [val]
        CALL 'private final fun LoginRoot$lambda$1 ($password$delegate: androidx.compose.runtime.State<kotlin.String>): kotlin.String declared in com.example.login.presentation.LoginRootKt' type=kotlin.String origin=GET_LOCAL_PROPERTY
          $password$delegate: GET_VAR 'val password$delegate: androidx.compose.runtime.State<kotlin.String> [val] declared in com.example.login.presentation.LoginRootKt.LoginRoot' type=androidx.compose.runtime.State<kotlin.String> origin=null
      VAR IR_TEMPORARY_VARIABLE name:tmp4_enabled type:kotlin.Boolean [val]
        CALL 'private final fun LoginRoot$lambda$2 ($enabled$delegate: androidx.compose.runtime.State<kotlin.Boolean>): kotlin.Boolean declared in com.example.login.presentation.LoginRootKt' type=kotlin.Boolean origin=GET_LOCAL_PROPERTY
          $enabled$delegate: GET_VAR 'val enabled$delegate: androidx.compose.runtime.State<kotlin.Boolean> [val] declared in com.example.login.presentation.LoginRootKt.LoginRoot' type=androidx.compose.runtime.State<kotlin.Boolean> origin=null
      VAR IR_TEMPORARY_VARIABLE name:tmp5_isRunning type:kotlin.Boolean [val]
        CALL 'private final fun LoginRoot$lambda$3 ($isRunning$delegate: androidx.compose.runtime.State<kotlin.Boolean>): kotlin.Boolean declared in com.example.login.presentation.LoginRootKt' type=kotlin.Boolean origin=GET_LOCAL_PROPERTY
          $isRunning$delegate: GET_VAR 'val isRunning$delegate: androidx.compose.runtime.State<kotlin.Boolean> [val] declared in com.example.login.presentation.LoginRootKt.LoginRoot' type=androidx.compose.runtime.State<kotlin.Boolean> origin=null
      CALL 'public final fun LoginRoot (username: kotlin.String, onUsernameChanged: kotlin.Function1<kotlin.String, kotlin.Unit>, password: kotlin.String, onPasswordChanged: kotlin.Function1<kotlin.String, kotlin.Unit>, isRunning: kotlin.Boolean, enabled: kotlin.Boolean, onLogin: kotlin.Function0<kotlin.Unit>): kotlin.Unit declared in com.example.login.presentation.LoginRootKt' type=kotlin.Unit origin=null
        username: GET_VAR 'val tmp0_username: kotlin.String [val] declared in com.example.login.presentation.LoginRootKt.LoginRoot' type=kotlin.String origin=null
        onUsernameChanged: GET_VAR 'val tmp1_onUsernameChanged: kotlin.reflect.KFunction1<kotlin.String, kotlin.Unit> [val] declared in com.example.login.presentation.LoginRootKt.LoginRoot' type=kotlin.reflect.KFunction1<kotlin.String, kotlin.Unit> origin=null
        password: GET_VAR 'val tmp3_password: kotlin.String [val] declared in com.example.login.presentation.LoginRootKt.LoginRoot' type=kotlin.String origin=null
        onPasswordChanged: GET_VAR 'val tmp2_onPasswordChanged: kotlin.reflect.KFunction1<kotlin.String, kotlin.Unit> [val] declared in com.example.login.presentation.LoginRootKt.LoginRoot' type=kotlin.reflect.KFunction1<kotlin.String, kotlin.Unit> origin=null
        isRunning: GET_VAR 'val tmp5_isRunning: kotlin.Boolean [val] declared in com.example.login.presentation.LoginRootKt.LoginRoot' type=kotlin.Boolean origin=null
        enabled: GET_VAR 'val tmp4_enabled: kotlin.Boolean [val] declared in com.example.login.presentation.LoginRootKt.LoginRoot' type=kotlin.Boolean origin=null
        onLogin: BLOCK type=kotlin.Function0<kotlin.Unit> origin=LAMBDA
          COMPOSITE type=kotlin.Unit origin=null
          CALL 'public final fun <jvm-indy> <T> (dynamicCall: T of kotlin.jvm.internal.<jvm-indy>, bootstrapMethodHandle: kotlin.Any, vararg bootstrapMethodArguments: kotlin.Any): T of kotlin.jvm.internal.<jvm-indy> declared in kotlin.jvm.internal' type=kotlin.Function0<kotlin.Unit> origin=null
            <T>: kotlin.Function0<kotlin.Unit>
            dynamicCall: CALL 'public final fun invoke (p0: com.example.login.presentation.LoginViewModel, p1: android.content.Context, p2: kotlin.Function0<kotlin.Unit>): kotlin.Function0<kotlin.Unit> declared in kotlin.jvm.internal.invokeDynamic' type=kotlin.Function0<kotlin.Unit> origin=null
              p0: GET_VAR 'viewModel: com.example.login.presentation.LoginViewModel declared in com.example.login.presentation.LoginRootKt.LoginRoot' type=com.example.login.presentation.LoginViewModel origin=null
              p1: GET_VAR 'val context: android.content.Context [val] declared in com.example.login.presentation.LoginRootKt.LoginRoot' type=android.content.Context origin=null
              p2: GET_VAR 'onSuccessfulLogin: kotlin.Function0<kotlin.Unit> declared in com.example.login.presentation.LoginRootKt.LoginRoot' type=kotlin.Function0<kotlin.Unit> origin=null
            bootstrapMethodHandle: CALL 'public final fun <jvm-method-handle> (tag: kotlin.Int, owner: kotlin.String, name: kotlin.String, descriptor: kotlin.String, isInterface: kotlin.Boolean): kotlin.Any declared in kotlin.jvm.internal' type=kotlin.Any origin=null
              tag: CONST Int type=kotlin.Int value=6
              owner: CONST String type=kotlin.String value="java/lang/invoke/LambdaMetafactory"
              name: CONST String type=kotlin.String value="metafactory"
              descriptor: CONST String type=kotlin.String value="(Ljava/lang/invoke/MethodHandles$Lookup;Ljava/lang/String;Ljava/lang/invoke/MethodType;Ljava/lang/invoke/MethodType;Ljava/lang/invoke/MethodHandle;Ljava/lang/invoke/MethodType;)Ljava/lang/invoke/CallSite;"
              isInterface: CONST Boolean type=kotlin.Boolean value=false
            bootstrapMethodArguments: VARARG type=kotlin.Array<kotlin.Any> varargElementType=kotlin.Any
              CALL 'public final fun <jvm-original-method-type> (method: kotlin.Any): kotlin.Any declared in kotlin.jvm.internal' type=kotlin.Any origin=null
                method: RAW_FUNCTION_REFERENCE 'public abstract fun invoke (): R of kotlin.Function0 [operator] declared in kotlin.Function0' type=kotlin.Any
              RAW_FUNCTION_REFERENCE 'private final fun LoginRoot$lambda$6 ($viewModel: com.example.login.presentation.LoginViewModel, $context: android.content.Context, $onSuccessfulLogin: kotlin.Function0<kotlin.Unit>): kotlin.Unit? declared in com.example.login.presentation.LoginRootKt' type=kotlin.Any
              CALL 'public final fun <jvm-original-method-type> (method: kotlin.Any): kotlin.Any declared in kotlin.jvm.internal' type=kotlin.Any origin=null
                method: RAW_FUNCTION_REFERENCE 'public abstract fun invoke (): kotlin.Unit? [fake_override,operator] declared in kotlin.jvm.internal.invokeDynamic.<fake>' type=kotlin.Any

	at org.jetbrains.kotlin.backend.jvm.codegen.FunctionCodegen.generate(FunctionCodegen.kt:50)
	at org.jetbrains.kotlin.backend.jvm.codegen.FunctionCodegen.generate$default(FunctionCodegen.kt:42)
	at org.jetbrains.kotlin.backend.jvm.codegen.ClassCodegen.generateMethodNode(ClassCodegen.kt:385)
	at org.jetbrains.kotlin.backend.jvm.codegen.ClassCodegen.generateMethod(ClassCodegen.kt:402)
	at org.jetbrains.kotlin.backend.jvm.codegen.ClassCodegen.generate(ClassCodegen.kt:169)
	at org.jetbrains.kotlin.backend.jvm.FileCodegen.lower(JvmPhases.kt:41)
	at org.jetbrains.kotlin.backend.common.phaser.PhaseBuildersKt.makeIrFilePhase$lambda$5(PhaseBuilders.kt:114)
	at org.jetbrains.kotlin.backend.common.phaser.PhaseBuildersKt$createSimpleNamedCompilerPhase$1.phaseBody(PhaseBuilders.kt:71)
	at org.jetbrains.kotlin.backend.common.phaser.SimpleNamedCompilerPhase.phaseBody(CompilerPhase.kt:226)
	at org.jetbrains.kotlin.backend.common.phaser.AbstractNamedCompilerPhase.invoke(CompilerPhase.kt:113)
	at org.jetbrains.kotlin.backend.common.phaser.PerformByIrFilePhase.invokeSequential(performByIrFile.kt:62)
	... 45 more
Caused by: org.jetbrains.kotlin.codegen.CompilationException: Back-end (JVM) Internal error: Couldn't inline method call: CALL 'public final fun <get-current> (): T of androidx.compose.runtime.CompositionLocal [inline] declared in androidx.compose.runtime.CompositionLocal' type=android.content.Context origin=GET_PROPERTY
Method: null
File is unknown
The root cause java.lang.IllegalStateException was thrown at: org.jetbrains.kotlin.codegen.inline.SourceCompilerForInlineKt.getMethodNode(SourceCompilerForInline.kt:118)
	at org.jetbrains.kotlin.codegen.inline.InlineCodegen.performInline(InlineCodegen.kt:65)
	at org.jetbrains.kotlin.backend.jvm.codegen.IrInlineCodegen.genInlineCall(IrInlineCodegen.kt:162)
	at org.jetbrains.kotlin.backend.jvm.codegen.IrInlineCallGenerator.genCall(IrInlineCallGenerator.kt:36)
	at org.jetbrains.kotlin.backend.jvm.codegen.ExpressionCodegen.visitCall(ExpressionCodegen.kt:647)
	at org.jetbrains.kotlin.backend.jvm.codegen.ExpressionCodegen.visitCall(ExpressionCodegen.kt:137)
	at org.jetbrains.kotlin.ir.expressions.IrCall.accept(IrCall.kt:24)
	at org.jetbrains.kotlin.backend.jvm.codegen.ExpressionCodegen.visitVariable(ExpressionCodegen.kt:784)
	at org.jetbrains.kotlin.backend.jvm.codegen.ExpressionCodegen.visitVariable(ExpressionCodegen.kt:137)
	at org.jetbrains.kotlin.ir.declarations.IrVariable.accept(IrVariable.kt:36)
	at org.jetbrains.kotlin.backend.jvm.codegen.ExpressionCodegen.visitStatementContainer(ExpressionCodegen.kt:573)
	at org.jetbrains.kotlin.backend.jvm.codegen.ExpressionCodegen.visitBlockBody(ExpressionCodegen.kt:578)
	at org.jetbrains.kotlin.backend.jvm.codegen.ExpressionCodegen.visitBlockBody(ExpressionCodegen.kt:137)
	at org.jetbrains.kotlin.ir.expressions.IrBlockBody.accept(IrBlockBody.kt:20)
	at org.jetbrains.kotlin.backend.jvm.codegen.ExpressionCodegen.generate(ExpressionCodegen.kt:239)
	at org.jetbrains.kotlin.backend.jvm.codegen.FunctionCodegen.doGenerate(FunctionCodegen.kt:121)
	at org.jetbrains.kotlin.backend.jvm.codegen.FunctionCodegen.generate(FunctionCodegen.kt:46)
	... 55 more
Caused by: java.lang.IllegalStateException: couldn't find inline method Landroidx/compose/runtime/CompositionLocal;.getCurrent()Ljava/lang/Object;
	at org.jetbrains.kotlin.codegen.inline.SourceCompilerForInlineKt.getMethodNode(SourceCompilerForInline.kt:118)
	at org.jetbrains.kotlin.codegen.inline.SourceCompilerForInlineKt.loadCompiledInlineFunction(SourceCompilerForInline.kt:96)
	at org.jetbrains.kotlin.backend.jvm.codegen.IrSourceCompilerForInline.compileInlineFunction(IrSourceCompilerForInline.kt:91)
	at org.jetbrains.kotlin.codegen.inline.InlineCodegen.compileInline(InlineCodegen.kt:43)
	at org.jetbrains.kotlin.codegen.inline.InlineCodegen.performInline(InlineCodegen.kt:51)
	... 70 more


